<?xml version="1.0" encoding="utf-8"?><testsuites name="pytest tests"><testsuite name="pytest" errors="0" failures="0" skipped="0" tests="29" time="4.167" timestamp="2026-06-18T18:00:40.431613+00:00" hostname="agent-env-7859488d-915a-493d-bb7b-938d3fe09902"><testcase classname="backend.tests.backend_test" name="test_root" time="0.405" /><testcase classname="backend.tests.backend_test" name="test_set_budget[REGIS]" time="0.127" /><testcase classname="backend.tests.backend_test" name="test_set_budget[BLAST]" time="0.080" /><testcase classname="backend.tests.backend_test" name="test_set_budget[SEO]" time="0.125" /><testcase classname="backend.tests.backend_test" name="test_get_budget[REGIS]" time="0.064" /><testcase classname="backend.tests.backend_test" name="test_get_budget[BLAST]" time="0.063" /><testcase classname="backend.tests.backend_test" name="test_get_budget[SEO]" time="0.070" /><testcase classname="backend.tests.backend_test" name="test_budget_negative_rejected" time="0.052" /><testcase classname="backend.tests.backend_test" name="test_budget_update_existing" time="0.191" /><testcase classname="backend.tests.backend_test" name="test_get_all_budgets" time="0.054" /><testcase classname="backend.tests.backend_test" name="test_create_expense_validation" time="0.051" /><testcase classname="backend.tests.backend_test" name="test_list_expenses_by_division[REGIS]" time="0.225" /><testcase classname="backend.tests.backend_test" name="test_list_expenses_by_division[BLAST]" time="0.064" /><testcase classname="backend.tests.backend_test" name="test_list_expenses_by_division[SEO]" time="0.056" /><testcase classname="backend.tests.backend_test" name="test_update_expense" time="0.119" /><testcase classname="backend.tests.backend_test" name="test_update_expense_not_found" time="0.056" /><testcase classname="backend.tests.backend_test" name="test_dashboard_stats" time="0.073" /><testcase classname="backend.tests.backend_test" name="test_expense_stats[REGIS]" time="0.064" /><testcase classname="backend.tests.backend_test" name="test_expense_stats[BLAST]" time="0.060" /><testcase classname="backend.tests.backend_test" name="test_expense_stats[SEO]" time="0.064" /><testcase classname="backend.tests.backend_test" name="test_export_excel[REGIS]" time="0.123" /><testcase classname="backend.tests.backend_test" name="test_export_excel[BLAST]" time="0.094" /><testcase classname="backend.tests.backend_test" name="test_export_excel[SEO]" time="0.114" /><testcase classname="backend.tests.backend_test" name="test_export_pdf[REGIS]" time="0.122" /><testcase classname="backend.tests.backend_test" name="test_export_pdf[BLAST]" time="0.129" /><testcase classname="backend.tests.backend_test" name="test_export_pdf[SEO]" time="0.106" /><testcase classname="backend.tests.backend_test" name="test_delete_expense" time="0.112" /><testcase classname="backend.tests.backend_test" name="test_delete_not_found" time="0.063" /><testcase classname="backend.tests.backend_test" name="test_upload_attempt" time="0.651" /></testsuite></testsuites>