<?xml version="1.0" encoding="utf-8"?><testsuites name="pytest tests"><testsuite name="pytest" errors="0" failures="1" skipped="0" tests="13" time="1.857" timestamp="2026-06-18T17:36:11.556431+00:00" hostname="agent-env-7859488d-915a-493d-bb7b-938d3fe09902"><testcase classname="backend.tests.backend_test.TestHealth" name="test_root" time="0.270" /><testcase classname="backend.tests.backend_test.TestBudget" name="test_set_budget" time="0.076" /><testcase classname="backend.tests.backend_test.TestBudget" name="test_get_budget" time="0.050" /><testcase classname="backend.tests.backend_test.TestBudget" name="test_update_budget" time="0.114" /><testcase classname="backend.tests.backend_test.TestExpenseCRUD" name="test_create_expense" time="0.071" /><testcase classname="backend.tests.backend_test.TestExpenseCRUD" name="test_get_expenses" time="0.051" /><testcase classname="backend.tests.backend_test.TestExpenseCRUD" name="test_update_expense" time="0.116" /><testcase classname="backend.tests.backend_test.TestExpenseCRUD" name="test_delete_expense" time="0.105" /><testcase classname="backend.tests.backend_test.TestDashboard" name="test_dashboard_stats" time="0.216" /><testcase classname="backend.tests.backend_test.TestStats" name="test_expense_stats" time="0.145" /><testcase classname="backend.tests.backend_test.TestExports" name="test_export_excel" time="0.084" /><testcase classname="backend.tests.backend_test.TestExports" name="test_export_pdf" time="0.074" /><testcase classname="backend.tests.backend_test.TestUpload" name="test_upload_file" time="0.186"><failure message="AssertionError: Upload failed: {&quot;detail&quot;:&quot;401 Client Error: Unauthorized for url: https://integrations.emergentagent.com/objstore/api/v1/storage/init&quot;}&#10;assert 500 == 200&#10; +  where 500 = &lt;Response [500]&gt;.status_code">backend/tests/backend_test.py:158: in test_upload_file
    assert r.status_code == 200, f"Upload failed: {r.text}"
E   AssertionError: Upload failed: {"detail":"401 Client Error: Unauthorized for url: https://integrations.emergentagent.com/objstore/api/v1/storage/init"}
E   assert 500 == 200
E    +  where 500 = &lt;Response [500]&gt;.status_code</failure></testcase></testsuite></testsuites>